<?xml version="1.0" encoding="UTF-8"?>
<!-- Generated by org.testng.reporters.JUnitXMLReporter -->
<testsuite ignored="4" hostname="ihsanbasoeky" failures="0" tests="3" name="Default test" time="11.905" errors="0" timestamp="2025-04-19T15:07:10 WIB">
  <testcase classname="tests.LoginTest" name="testLoginWithExcelData" time="0.274"/>
  <testcase classname="tests.LoginTest" name="testLoginWithExcelData" time="0.273"/>
  <testcase classname="tests.LoginTest" name="testLoginWithExcelData" time="0.274"/>
  <testcase classname="tests.LoginTest" name="testLoginWithMultipleCredentials" time="0.0">
    <ignored/>
  </testcase> <!-- testLoginWithMultipleCredentials -->
  <testcase classname="tests.LoginTest" name="testValidLogin" time="0.0">
    <ignored/>
  </testcase> <!-- testValidLogin -->
  <testcase classname="tests.LoginTest" name="testLoginAndVerifyInventoryPage" time="0.0">
    <ignored/>
  </testcase> <!-- testLoginAndVerifyInventoryPage -->
  <testcase classname="tests.LoginTest" name="testInvalidLogin" time="0.0">
    <ignored/>
  </testcase> <!-- testInvalidLogin -->
</testsuite> <!-- Default test -->
