<?xml version="1.0" encoding="UTF-8"?>
<!-- Generated by org.testng.reporters.JUnitXMLReporter -->
<testsuite ignored="0" hostname="ihsanbasoeky" failures="0" tests="9" name="Default test" time="21.049" errors="0" timestamp="2025-04-19T17:50:04 WIB">
  <testcase classname="tests.LoginTest" name="testInvalidLogin" time="0.252"/>
  <testcase classname="tests.LoginTest" name="testLoginAndVerifyInventoryPage" time="0.351"/>
  <testcase classname="tests.LoginTest" name="testLoginWithExcelData" time="0.271"/>
  <testcase classname="tests.LoginTest" name="testLoginWithExcelData" time="0.282"/>
  <testcase classname="tests.LoginTest" name="testLoginWithExcelData" time="0.272"/>
  <testcase classname="tests.LoginTest" name="testLoginWithMultipleCredentials" time="0.305"/>
  <testcase classname="tests.LoginTest" name="testLoginWithMultipleCredentials" time="0.241"/>
  <testcase classname="tests.LoginTest" name="testLoginWithMultipleCredentials" time="0.255"/>
  <testcase classname="tests.LoginTest" name="testValidLogin" time="0.27"/>
</testsuite> <!-- Default test -->
