<?xml version="1.0" encoding="UTF-8"?>
<testng-results ignored="4" total="7" passed="3" failed="0" skipped="0">
  <reporter-output>
  </reporter-output>
  <suite started-at="2025-04-19T15:06:58 WIB" name="Default suite" finished-at="2025-04-19T15:07:10 WIB" duration-ms="11905">
    <groups>
    </groups>
    <test started-at="2025-04-19T15:06:58 WIB" name="Default test" finished-at="2025-04-19T15:07:10 WIB" duration-ms="11905">
      <class name="tests.LoginTest">
        <test-method is-config="true" signature="setUp()[pri:0, instance:tests.LoginTest@408d971b]" started-at="2025-04-19T15:06:58 WIB" name="setUp" finished-at="2025-04-19T15:07:04 WIB" duration-ms="5252" status="PASS">
          <reporter-output>
          </reporter-output>
        </test-method> <!-- setUp -->
        <test-method signature="testLoginWithExcelData(java.lang.String,java.lang.String)[pri:0, instance:tests.LoginTest@408d971b]" started-at="2025-04-19T15:07:04 WIB" name="testLoginWithExcelData" data-provider="loginExcelData" finished-at="2025-04-19T15:07:04 WIB" duration-ms="274" status="PASS">
          <params>
            <param index="0">
              <value>
                <![CDATA[standard_user]]>
              </value>
            </param>
            <param index="1">
              <value>
                <![CDATA[secret_sauce]]>
              </value>
            </param>
          </params>
          <reporter-output>
          </reporter-output>
        </test-method> <!-- testLoginWithExcelData -->
        <test-method is-config="true" signature="tearDown()[pri:0, instance:tests.LoginTest@408d971b]" started-at="2025-04-19T15:07:04 WIB" name="tearDown" finished-at="2025-04-19T15:07:04 WIB" duration-ms="308" status="PASS">
          <reporter-output>
          </reporter-output>
        </test-method> <!-- tearDown -->
        <test-method is-config="true" signature="setUp()[pri:0, instance:tests.LoginTest@408d971b]" started-at="2025-04-19T15:07:04 WIB" name="setUp" finished-at="2025-04-19T15:07:06 WIB" duration-ms="2175" status="PASS">
          <reporter-output>
          </reporter-output>
        </test-method> <!-- setUp -->
        <test-method signature="testLoginWithExcelData(java.lang.String,java.lang.String)[pri:0, instance:tests.LoginTest@408d971b]" started-at="2025-04-19T15:07:06 WIB" name="testLoginWithExcelData" data-provider="loginExcelData" finished-at="2025-04-19T15:07:07 WIB" duration-ms="273" status="PASS">
          <params>
            <param index="0">
              <value>
                <![CDATA[invalid_user]]>
              </value>
            </param>
            <param index="1">
              <value>
                <![CDATA[wrong_password]]>
              </value>
            </param>
          </params>
          <reporter-output>
          </reporter-output>
        </test-method> <!-- testLoginWithExcelData -->
        <test-method is-config="true" signature="tearDown()[pri:0, instance:tests.LoginTest@408d971b]" started-at="2025-04-19T15:07:07 WIB" name="tearDown" finished-at="2025-04-19T15:07:07 WIB" duration-ms="277" status="PASS">
          <reporter-output>
          </reporter-output>
        </test-method> <!-- tearDown -->
        <test-method is-config="true" signature="setUp()[pri:0, instance:tests.LoginTest@408d971b]" started-at="2025-04-19T15:07:07 WIB" name="setUp" finished-at="2025-04-19T15:07:09 WIB" duration-ms="2089" status="PASS">
          <reporter-output>
          </reporter-output>
        </test-method> <!-- setUp -->
        <test-method signature="testLoginWithExcelData(java.lang.String,java.lang.String)[pri:0, instance:tests.LoginTest@408d971b]" started-at="2025-04-19T15:07:09 WIB" name="testLoginWithExcelData" data-provider="loginExcelData" finished-at="2025-04-19T15:07:09 WIB" duration-ms="274" status="PASS">
          <params>
            <param index="0">
              <value>
                <![CDATA[locked_out_user]]>
              </value>
            </param>
            <param index="1">
              <value>
                <![CDATA[secret_sauce]]>
              </value>
            </param>
          </params>
          <reporter-output>
          </reporter-output>
        </test-method> <!-- testLoginWithExcelData -->
        <test-method is-config="true" signature="tearDown()[pri:0, instance:tests.LoginTest@408d971b]" started-at="2025-04-19T15:07:09 WIB" name="tearDown" finished-at="2025-04-19T15:07:10 WIB" duration-ms="337" status="PASS">
          <reporter-output>
          </reporter-output>
        </test-method> <!-- tearDown -->
      </class> <!-- tests.LoginTest -->
    </test> <!-- Default test -->
  </suite> <!-- Default suite -->
</testng-results>
